2017-07-24 16:42:05,842 [Worker-5] INFO  c.g.t.t.d.PublishedGradleVersions - Gradle version information cache is up-to-date. Trying to read.
2017-07-24 17:38:41,201 [Worker-21] INFO  o.e.m.c.i.p.ProjectConfigurationManager - Collecting project info '/pom.xml' D:\project\learn\designMode\strategy\pom.xml
2017-07-24 17:38:44,608 [Worker-21] INFO  o.e.m.c.i.l.LifecycleMappingFactory - Using org.eclipse.m2e.jdt.JarLifecycleMapping lifecycle mapping for MavenProject: com.jason.strategy:strategy:0.0.1-SNAPSHOT @ D:\project\learn\designMode\strategy\pom.xml.
2017-07-24 17:38:45,762 [Worker-21] INFO  o.e.m.j.i.AbstractJavaProjectConfigurator - Adding source folder /strategy/src/main/java
2017-07-24 17:38:45,773 [Worker-21] INFO  o.e.m.j.i.AbstractJavaProjectConfigurator - Adding source folder /strategy/src/test/java
2017-07-24 17:38:45,900 [Worker-21] INFO  o.e.m.c.i.p.ProjectConfigurationManager - Imported and configured 1 project(s) in 4 sec
2017-07-24 17:38:46,500 [Worker-22] INFO  o.e.m.c.i.embedder.EclipseLogger - Using 'UTF-8' encoding to copy filtered resources.
2017-07-24 17:38:46,500 [Worker-22] INFO  o.e.m.c.i.embedder.EclipseLogger - skip non existing resourceDirectory D:\project\learn\designMode\strategy\src\main\resources
2017-07-24 17:38:46,502 [Worker-22] INFO  o.e.m.c.i.embedder.EclipseLogger - Using 'UTF-8' encoding to copy filtered resources.
2017-07-24 17:38:46,503 [Worker-22] INFO  o.e.m.c.i.embedder.EclipseLogger - skip non existing resourceDirectory D:\project\learn\designMode\strategy\src\test\resources
2017-07-24 17:38:55,116 [Worker-22] INFO  o.e.m.c.i.embedder.EclipseLogger - Using 'UTF-8' encoding to copy filtered resources.
2017-07-24 17:38:55,116 [Worker-22] INFO  o.e.m.c.i.embedder.EclipseLogger - skip non existing resourceDirectory D:\project\learn\designMode\strategy\src\main\resources
2017-07-24 17:38:55,117 [Worker-22] INFO  o.e.m.c.i.embedder.EclipseLogger - Using 'UTF-8' encoding to copy filtered resources.
2017-07-24 17:38:55,117 [Worker-22] INFO  o.e.m.c.i.embedder.EclipseLogger - skip non existing resourceDirectory D:\project\learn\designMode\strategy\src\test\resources
2017-07-24 17:39:12,663 [Worker-17] INFO  o.e.m.c.i.l.LifecycleMappingFactory - Using org.eclipse.m2e.jdt.JarLifecycleMapping lifecycle mapping for MavenProject: com.jason.strategy:strategy:0.0.1-SNAPSHOT @ D:\project\learn\designMode\strategy\pom.xml.
2017-07-24 17:39:12,941 [Worker-17] INFO  o.e.m.c.i.embedder.EclipseLogger - Using 'UTF-8' encoding to copy filtered resources.
2017-07-24 17:39:12,941 [Worker-17] INFO  o.e.m.c.i.embedder.EclipseLogger - skip non existing resourceDirectory D:\project\learn\designMode\strategy\src\main\resources
2017-07-24 17:39:12,943 [Worker-17] INFO  o.e.m.c.i.embedder.EclipseLogger - Using 'UTF-8' encoding to copy filtered resources.
2017-07-24 17:39:12,943 [Worker-17] INFO  o.e.m.c.i.embedder.EclipseLogger - skip non existing resourceDirectory D:\project\learn\designMode\strategy\src\test\resources
2017-07-24 17:39:14,586 [Worker-17] INFO  o.e.m.c.i.embedder.EclipseLogger - Using 'UTF-8' encoding to copy filtered resources.
2017-07-24 17:39:14,586 [Worker-17] INFO  o.e.m.c.i.embedder.EclipseLogger - skip non existing resourceDirectory D:\project\learn\designMode\strategy\src\main\resources
2017-07-24 17:39:14,588 [Worker-17] INFO  o.e.m.c.i.embedder.EclipseLogger - Using 'UTF-8' encoding to copy filtered resources.
2017-07-24 17:39:14,588 [Worker-17] INFO  o.e.m.c.i.embedder.EclipseLogger - skip non existing resourceDirectory D:\project\learn\designMode\strategy\src\test\resources
2017-07-24 17:39:32,608 [Worker-22] INFO  o.e.m.c.i.embedder.EclipseLogger - Using 'UTF-8' encoding to copy filtered resources.
2017-07-24 17:39:32,609 [Worker-22] INFO  o.e.m.c.i.embedder.EclipseLogger - skip non existing resourceDirectory D:\project\learn\designMode\strategy\src\main\resources
2017-07-24 17:39:32,610 [Worker-22] INFO  o.e.m.c.i.embedder.EclipseLogger - Using 'UTF-8' encoding to copy filtered resources.
2017-07-24 17:39:32,610 [Worker-22] INFO  o.e.m.c.i.embedder.EclipseLogger - skip non existing resourceDirectory D:\project\learn\designMode\strategy\src\test\resources
2017-07-24 17:39:36,514 [Worker-23] INFO  o.e.m.c.i.embedder.EclipseLogger - Using 'UTF-8' encoding to copy filtered resources.
2017-07-24 17:39:36,514 [Worker-23] INFO  o.e.m.c.i.embedder.EclipseLogger - skip non existing resourceDirectory D:\project\learn\designMode\strategy\src\main\resources
2017-07-24 17:39:36,515 [Worker-23] INFO  o.e.m.c.i.embedder.EclipseLogger - Using 'UTF-8' encoding to copy filtered resources.
2017-07-24 17:39:36,516 [Worker-23] INFO  o.e.m.c.i.embedder.EclipseLogger - skip non existing resourceDirectory D:\project\learn\designMode\strategy\src\test\resources
2017-07-24 17:40:19,743 [Worker-21] INFO  o.e.m.c.i.l.LifecycleMappingFactory - Using org.eclipse.m2e.jdt.JarLifecycleMapping lifecycle mapping for MavenProject: com.jason.strategy:strategy:0.0.1-SNAPSHOT @ D:\project\learn\designMode\strategy\pom.xml.
2017-07-24 17:40:19,888 [Worker-21] INFO  o.e.m.c.i.embedder.EclipseLogger - Using 'UTF-8' encoding to copy filtered resources.
2017-07-24 17:40:19,889 [Worker-21] INFO  o.e.m.c.i.embedder.EclipseLogger - skip non existing resourceDirectory D:\project\learn\designMode\strategy\src\main\resources
2017-07-24 17:40:19,891 [Worker-21] INFO  o.e.m.c.i.embedder.EclipseLogger - Using 'UTF-8' encoding to copy filtered resources.
2017-07-24 17:40:19,891 [Worker-21] INFO  o.e.m.c.i.embedder.EclipseLogger - skip non existing resourceDirectory D:\project\learn\designMode\strategy\src\test\resources
2017-07-24 17:40:32,673 [Worker-24] INFO  o.e.m.c.i.embedder.EclipseLogger - Using 'UTF-8' encoding to copy filtered resources.
2017-07-24 17:40:32,676 [Worker-24] INFO  o.e.m.c.i.embedder.EclipseLogger - skip non existing resourceDirectory D:\project\learn\designMode\strategy\src\main\resources
2017-07-24 17:40:32,682 [Worker-24] INFO  o.e.m.c.i.embedder.EclipseLogger - Using 'UTF-8' encoding to copy filtered resources.
2017-07-24 17:40:32,683 [Worker-24] INFO  o.e.m.c.i.embedder.EclipseLogger - skip non existing resourceDirectory D:\project\learn\designMode\strategy\src\test\resources
2017-07-24 17:40:39,210 [Worker-21] INFO  o.e.m.c.i.embedder.EclipseLogger - Using 'UTF-8' encoding to copy filtered resources.
2017-07-24 17:40:39,210 [Worker-21] INFO  o.e.m.c.i.embedder.EclipseLogger - skip non existing resourceDirectory D:\project\learn\designMode\strategy\src\main\resources
2017-07-24 17:40:39,211 [Worker-21] INFO  o.e.m.c.i.embedder.EclipseLogger - Using 'UTF-8' encoding to copy filtered resources.
2017-07-24 17:40:39,211 [Worker-21] INFO  o.e.m.c.i.embedder.EclipseLogger - skip non existing resourceDirectory D:\project\learn\designMode\strategy\src\test\resources
2017-07-24 17:40:41,054 [Worker-23] INFO  o.e.m.c.i.embedder.EclipseLogger - Using 'UTF-8' encoding to copy filtered resources.
2017-07-24 17:40:41,054 [Worker-23] INFO  o.e.m.c.i.embedder.EclipseLogger - skip non existing resourceDirectory D:\project\learn\designMode\strategy\src\main\resources
2017-07-24 17:40:41,057 [Worker-23] INFO  o.e.m.c.i.embedder.EclipseLogger - Using 'UTF-8' encoding to copy filtered resources.
2017-07-24 17:40:41,058 [Worker-23] INFO  o.e.m.c.i.embedder.EclipseLogger - skip non existing resourceDirectory D:\project\learn\designMode\strategy\src\test\resources
2017-07-24 17:41:21,415 [Worker-23] INFO  o.e.m.c.i.embedder.EclipseLogger - Using 'UTF-8' encoding to copy filtered resources.
2017-07-24 17:41:21,415 [Worker-23] INFO  o.e.m.c.i.embedder.EclipseLogger - skip non existing resourceDirectory D:\project\learn\designMode\strategy\src\main\resources
2017-07-24 17:41:21,418 [Worker-23] INFO  o.e.m.c.i.embedder.EclipseLogger - Using 'UTF-8' encoding to copy filtered resources.
2017-07-24 17:41:21,419 [Worker-23] INFO  o.e.m.c.i.embedder.EclipseLogger - skip non existing resourceDirectory D:\project\learn\designMode\strategy\src\test\resources
2017-07-24 17:41:47,330 [Worker-22] INFO  o.e.m.c.i.embedder.EclipseLogger - Using 'UTF-8' encoding to copy filtered resources.
2017-07-24 17:41:47,331 [Worker-22] INFO  o.e.m.c.i.embedder.EclipseLogger - skip non existing resourceDirectory D:\project\learn\designMode\strategy\src\main\resources
2017-07-24 17:41:47,332 [Worker-22] INFO  o.e.m.c.i.embedder.EclipseLogger - Using 'UTF-8' encoding to copy filtered resources.
2017-07-24 17:41:47,332 [Worker-22] INFO  o.e.m.c.i.embedder.EclipseLogger - skip non existing resourceDirectory D:\project\learn\designMode\strategy\src\test\resources
2017-07-24 17:41:53,296 [Worker-24] INFO  o.e.m.c.i.embedder.EclipseLogger - Using 'UTF-8' encoding to copy filtered resources.
2017-07-24 17:41:53,296 [Worker-24] INFO  o.e.m.c.i.embedder.EclipseLogger - skip non existing resourceDirectory D:\project\learn\designMode\strategy\src\main\resources
2017-07-24 17:41:53,298 [Worker-24] INFO  o.e.m.c.i.embedder.EclipseLogger - Using 'UTF-8' encoding to copy filtered resources.
2017-07-24 17:41:53,298 [Worker-24] INFO  o.e.m.c.i.embedder.EclipseLogger - skip non existing resourceDirectory D:\project\learn\designMode\strategy\src\test\resources
2017-07-24 17:42:16,937 [Worker-21] INFO  o.e.m.c.i.embedder.EclipseLogger - Using 'UTF-8' encoding to copy filtered resources.
2017-07-24 17:42:16,938 [Worker-21] INFO  o.e.m.c.i.embedder.EclipseLogger - skip non existing resourceDirectory D:\project\learn\designMode\strategy\src\main\resources
2017-07-24 17:42:16,944 [Worker-21] INFO  o.e.m.c.i.embedder.EclipseLogger - Using 'UTF-8' encoding to copy filtered resources.
2017-07-24 17:42:16,945 [Worker-21] INFO  o.e.m.c.i.embedder.EclipseLogger - skip non existing resourceDirectory D:\project\learn\designMode\strategy\src\test\resources
2017-07-24 17:46:23,466 [Worker-26] INFO  o.e.m.c.i.embedder.EclipseLogger - Using 'UTF-8' encoding to copy filtered resources.
2017-07-24 17:46:23,467 [Worker-26] INFO  o.e.m.c.i.embedder.EclipseLogger - skip non existing resourceDirectory D:\project\learn\designMode\strategy\src\main\resources
2017-07-24 17:46:23,468 [Worker-26] INFO  o.e.m.c.i.embedder.EclipseLogger - Using 'UTF-8' encoding to copy filtered resources.
2017-07-24 17:46:23,469 [Worker-26] INFO  o.e.m.c.i.embedder.EclipseLogger - skip non existing resourceDirectory D:\project\learn\designMode\strategy\src\test\resources
2017-07-24 17:47:17,219 [Worker-23] INFO  o.e.m.c.i.embedder.EclipseLogger - Using 'UTF-8' encoding to copy filtered resources.
2017-07-24 17:47:17,219 [Worker-23] INFO  o.e.m.c.i.embedder.EclipseLogger - skip non existing resourceDirectory D:\project\learn\designMode\strategy\src\main\resources
2017-07-24 17:47:17,221 [Worker-23] INFO  o.e.m.c.i.embedder.EclipseLogger - Using 'UTF-8' encoding to copy filtered resources.
2017-07-24 17:47:17,221 [Worker-23] INFO  o.e.m.c.i.embedder.EclipseLogger - skip non existing resourceDirectory D:\project\learn\designMode\strategy\src\test\resources
2017-07-24 17:47:48,925 [Worker-26] INFO  o.e.m.c.i.embedder.EclipseLogger - Using 'UTF-8' encoding to copy filtered resources.
2017-07-24 17:47:48,925 [Worker-26] INFO  o.e.m.c.i.embedder.EclipseLogger - skip non existing resourceDirectory D:\project\learn\designMode\strategy\src\main\resources
2017-07-24 17:47:48,927 [Worker-26] INFO  o.e.m.c.i.embedder.EclipseLogger - Using 'UTF-8' encoding to copy filtered resources.
2017-07-24 17:47:48,928 [Worker-26] INFO  o.e.m.c.i.embedder.EclipseLogger - skip non existing resourceDirectory D:\project\learn\designMode\strategy\src\test\resources
2017-07-24 17:48:18,244 [Worker-25] INFO  o.e.m.c.i.embedder.EclipseLogger - Using 'UTF-8' encoding to copy filtered resources.
2017-07-24 17:48:18,245 [Worker-25] INFO  o.e.m.c.i.embedder.EclipseLogger - skip non existing resourceDirectory D:\project\learn\designMode\strategy\src\main\resources
2017-07-24 17:48:18,245 [Worker-25] INFO  o.e.m.c.i.embedder.EclipseLogger - Using 'UTF-8' encoding to copy filtered resources.
2017-07-24 17:48:18,245 [Worker-25] INFO  o.e.m.c.i.embedder.EclipseLogger - skip non existing resourceDirectory D:\project\learn\designMode\strategy\src\test\resources
2017-07-25 09:54:58,533 [Worker-3] INFO  c.g.t.t.d.PublishedGradleVersions - Gradle version information cache is up-to-date. Trying to read.
2017-07-25 09:56:07,991 [Worker-12] INFO  o.e.m.c.i.embedder.EclipseLogger - Using 'UTF-8' encoding to copy filtered resources.
2017-07-25 09:56:07,992 [Worker-12] INFO  o.e.m.c.i.embedder.EclipseLogger - skip non existing resourceDirectory D:\project\learn\designMode\strategy\src\main\resources
2017-07-25 09:56:07,994 [Worker-12] INFO  o.e.m.c.i.embedder.EclipseLogger - Using 'UTF-8' encoding to copy filtered resources.
2017-07-25 09:56:07,994 [Worker-12] INFO  o.e.m.c.i.embedder.EclipseLogger - skip non existing resourceDirectory D:\project\learn\designMode\strategy\src\test\resources
2017-07-25 09:56:15,107 [Worker-2] INFO  o.e.m.c.i.embedder.EclipseLogger - Using 'UTF-8' encoding to copy filtered resources.
2017-07-25 09:56:15,107 [Worker-2] INFO  o.e.m.c.i.embedder.EclipseLogger - skip non existing resourceDirectory D:\project\learn\designMode\strategy\src\main\resources
2017-07-25 09:56:15,108 [Worker-2] INFO  o.e.m.c.i.embedder.EclipseLogger - Using 'UTF-8' encoding to copy filtered resources.
2017-07-25 09:56:15,109 [Worker-2] INFO  o.e.m.c.i.embedder.EclipseLogger - skip non existing resourceDirectory D:\project\learn\designMode\strategy\src\test\resources
2017-07-25 09:56:40,467 [Worker-12] INFO  o.e.m.c.i.embedder.EclipseLogger - Using 'UTF-8' encoding to copy filtered resources.
2017-07-25 09:56:40,467 [Worker-12] INFO  o.e.m.c.i.embedder.EclipseLogger - skip non existing resourceDirectory D:\project\learn\designMode\strategy\src\main\resources
2017-07-25 09:56:40,468 [Worker-12] INFO  o.e.m.c.i.embedder.EclipseLogger - Using 'UTF-8' encoding to copy filtered resources.
2017-07-25 09:56:40,468 [Worker-12] INFO  o.e.m.c.i.embedder.EclipseLogger - skip non existing resourceDirectory D:\project\learn\designMode\strategy\src\test\resources
2017-07-25 10:01:42,846 [Worker-1] INFO  c.g.t.t.d.PublishedGradleVersions - Gradle version information cache is up-to-date. Trying to read.
2017-07-28 16:45:08,368 [Worker-4] INFO  c.g.t.t.d.PublishedGradleVersions - Gradle version information cache is out-of-date. Trying to update.
2017-08-02 15:49:44,074 [Worker-4] INFO  c.g.t.t.d.PublishedGradleVersions - Gradle version information cache is out-of-date. Trying to update.
2017-08-07 22:37:01,509 [Worker-1] INFO  c.g.t.t.d.PublishedGradleVersions - Gradle version information cache is out-of-date. Trying to update.
